<test-run id="2" duration="0.097492" testcasecount="2" total="2" passed="2" failed="0" inconclusive="0" skipped="0" result="Passed" start-time="2022-08-06T 22:46:58Z" end-time="2022-08-06T 22:47:00Z">
  <test-suite type="Assembly" name="WeatherTwentyOne.UnitTests.dll" fullname="C:\code\SweekMaui-samples\maui-samples\6.0\Apps\WeatherTwentyOne\src\WeatherTwentyOne.UnitTests\bin\Debug\net6.0\WeatherTwentyOne.UnitTests.dll" total="2" passed="2" failed="0" inconclusive="0" skipped="0" result="Passed" start-time="2022-08-06T 22:46:59Z" end-time="2022-08-06T 22:46:59Z" duration="0.097492">
    <test-suite type="TestSuite" name="WeatherTwentyOne" fullname="WeatherTwentyOne" total="2" passed="2" failed="0" inconclusive="0" skipped="0" result="Passed" start-time="2022-08-06T 22:46:59Z" end-time="2022-08-06T 22:46:59Z" duration="0.097492">
      <test-suite type="TestSuite" name="UnitTests" fullname="WeatherTwentyOne.UnitTests" total="2" passed="2" failed="0" inconclusive="0" skipped="0" result="Passed" start-time="2022-08-06T 22:46:59Z" end-time="2022-08-06T 22:46:59Z" duration="0.097492">
        <test-suite type="TestFixture" name="Tests" fullname="WeatherTwentyOne.UnitTests.Tests" classname="WeatherTwentyOne.UnitTests.Tests" total="2" passed="2" failed="0" inconclusive="0" skipped="0" result="Passed" start-time="2022-08-06T 22:46:59Z" end-time="2022-08-06T 22:46:59Z" duration="0.097492">
          <test-case name="Test1" fullname="WeatherTwentyOne.UnitTests.Tests.Test1" methodname="Test1" classname="Tests" result="Passed" start-time="2022-08-06T 22:46:59Z" end-time="2022-08-06T 22:46:59Z" duration="0.035526" asserts="0" seed="379163278" />
          <test-case name="TestWeatherService" fullname="WeatherTwentyOne.UnitTests.Tests.TestWeatherService" methodname="TestWeatherService" classname="Tests" result="Passed" start-time="2022-08-06T 22:46:59Z" end-time="2022-08-06T 22:46:59Z" duration="0.061966" asserts="0" seed="428583410" />
        </test-suite>
      </test-suite>
    </test-suite>
    <errors />
  </test-suite>
</test-run>